[0m11:45:05.874434 [debug] [MainThread]: Sending event: {'category': 'dbt', 'action': 'invocation', 'label': 'start', 'context': [<snowplow_tracker.self_describing_json.SelfDescribingJson object at 0x104bfe270>, <snowplow_tracker.self_describing_json.SelfDescribingJson object at 0x10670e960>, <snowplow_tracker.self_describing_json.SelfDescribingJson object at 0x10670e510>]}


============================== 11:45:05.876916 | 98705761-b733-44b6-b3b5-08115a11b5d7 ==============================
[0m11:45:05.876916 [info ] [MainThread]: Running with dbt=1.11.11
[0m11:45:05.877182 [debug] [MainThread]: running dbt with arguments {'printer_width': '80', 'static_parser': 'True', 'target_path': 'None', 'partial_parse': 'True', 'log_format': 'default', 'empty': 'None', 'invocation_command': 'dbt debug', 'warn_error_options': 'WarnErrorOptionsV2(error=[], warn=[], silence=[])', 'use_colors': 'True', 'use_experimental_parser': 'False', 'profiles_dir': '/Users/seb_el_famoso/.dbt', 'debug': 'False', 'log_path': 'logs', 'no_print': 'None', 'write_json': 'True', 'warn_error': 'None', 'version_check': 'True', 'fail_fast': 'False', 'send_anonymous_usage_stats': 'True', 'log_cache_events': 'False', 'cache_selected_only': 'False', 'indirect_selection': 'eager', 'quiet': 'False', 'introspect': 'True'}
[0m11:45:05.891913 [info ] [MainThread]: dbt version: 1.11.11
[0m11:45:05.892301 [info ] [MainThread]: python version: 3.12.10
[0m11:45:05.892648 [info ] [MainThread]: python path: /Users/seb_el_famoso/Documents/Brights/Week 7 - ETL/week7_etl_starter/.venv/bin/python
[0m11:45:05.892906 [info ] [MainThread]: os info: macOS-26.5.1-arm64-arm-64bit
[0m11:45:05.964741 [info ] [MainThread]: Using profiles dir at /Users/seb_el_famoso/.dbt
[0m11:45:05.964967 [info ] [MainThread]: Using profiles.yml file at /Users/seb_el_famoso/.dbt/profiles.yml
[0m11:45:05.965093 [info ] [MainThread]: Using dbt_project.yml file at /Users/seb_el_famoso/Documents/Brights/Week 7 - ETL/week7_etl_starter/dbt_project.yml
[0m11:45:05.965208 [info ] [MainThread]: adapter type: sqlserver
[0m11:45:05.965318 [info ] [MainThread]: adapter version: 1.10.0
[0m11:45:05.965436 [info ] [MainThread]: Configuration:
[0m11:45:05.965539 [info ] [MainThread]:   profiles.yml file [[32mOK found and valid[0m]
[0m11:45:05.965643 [info ] [MainThread]:   dbt_project.yml file [[31mERROR not found[0m]
[0m11:45:05.965745 [info ] [MainThread]: Required dependencies:
[0m11:45:05.965882 [debug] [MainThread]: Executing "git --help"
[0m11:45:05.979306 [debug] [MainThread]: STDOUT: "b"usage: git [-v | --version] [-h | --help] [-C <path>] [-c <name>=<value>]\n           [--exec-path[=<path>]] [--html-path] [--man-path] [--info-path]\n           [-p | --paginate | -P | --no-pager] [--no-replace-objects] [--no-lazy-fetch]\n           [--no-optional-locks] [--no-advice] [--bare] [--git-dir=<path>]\n           [--work-tree=<path>] [--namespace=<name>] [--config-env=<name>=<envvar>]\n           <command> [<args>]\n\nThese are common Git commands used in various situations:\n\nstart a working area (see also: git help tutorial)\n   clone      Clone a repository into a new directory\n   init       Create an empty Git repository or reinitialize an existing one\n\nwork on the current change (see also: git help everyday)\n   add        Add file contents to the index\n   mv         Move or rename a file, a directory, or a symlink\n   restore    Restore working tree files\n   rm         Remove files from the working tree and from the index\n\nexamine the history and state (see also: git help revisions)\n   bisect     Use binary search to find the commit that introduced a bug\n   diff       Show changes between commits, commit and working tree, etc\n   grep       Print lines matching a pattern\n   log        Show commit logs\n   show       Show various types of objects\n   status     Show the working tree status\n\ngrow, mark and tweak your common history\n   backfill   Download missing objects in a partial clone\n   branch     List, create, or delete branches\n   commit     Record changes to the repository\n   merge      Join two or more development histories together\n   rebase     Reapply commits on top of another base tip\n   reset      Reset current HEAD to the specified state\n   switch     Switch branches\n   tag        Create, list, delete or verify a tag object signed with GPG\n\ncollaborate (see also: git help workflows)\n   fetch      Download objects and refs from another repository\n   pull       Fetch from and integrate with another repository or a local branch\n   push       Update remote refs along with associated objects\n\n'git help -a' and 'git help -g' list available subcommands and some\nconcept guides. See 'git help <command>' or 'git help <concept>'\nto read about a specific subcommand or concept.\nSee 'git help git' for an overview of the system.\n""
[0m11:45:05.979690 [debug] [MainThread]: STDERR: "b''"
[0m11:45:05.979833 [info ] [MainThread]:  - git [[32mOK found[0m]

[0m11:45:05.979975 [info ] [MainThread]: Connection:
[0m11:45:05.980115 [info ] [MainThread]:   server: desql.database.windows.net
[0m11:45:05.980225 [info ] [MainThread]:   port: 1433
[0m11:45:05.980327 [info ] [MainThread]:   database: de_etl_db
[0m11:45:05.980430 [info ] [MainThread]:   schema: student10
[0m11:45:05.980530 [info ] [MainThread]:   UID: student10
[0m11:45:05.980629 [info ] [MainThread]:   authentication: sql
[0m11:45:05.980730 [info ] [MainThread]:   retries: 3
[0m11:45:05.980830 [info ] [MainThread]:   login_timeout: 0
[0m11:45:05.980928 [info ] [MainThread]:   query_timeout: 0
[0m11:45:05.981025 [info ] [MainThread]:   trace_flag: False
[0m11:45:05.981121 [info ] [MainThread]:   encrypt: True
[0m11:45:05.981219 [info ] [MainThread]:   trust_cert: False
[0m11:45:05.981480 [info ] [MainThread]: Registered adapter: sqlserver=1.10.0
[0m11:45:06.034771 [warn ] [MainThread]: [[33mWARNING[0m]: When True, uses SQL Server-native string type mappings: STRING -> VARCHAR(MAX), NCHAR -> NCHAR(1), NVARCHAR -> NVARCHAR(4000). When False (default), preserves legacy mappings: STRING and NVARCHAR -> VARCHAR(8000), NCHAR -> CHAR(1). The new behaviour is intended to become the default in a future release.
You may opt into the new behavior sooner by setting `flags.dbt_sqlserver_use_native_string_types` to `True` in `dbt_project.yml`.
Visit https://docs.getdbt.com/reference/global-configs/behavior-changes for more information.
[0m11:45:06.035159 [debug] [MainThread]: Sending event: {'category': 'dbt', 'action': 'BehaviorChangeEvent', 'label': '98705761-b733-44b6-b3b5-08115a11b5d7', 'context': [<snowplow_tracker.self_describing_json.SelfDescribingJson object at 0x106c128d0>]}
[0m11:45:06.035448 [debug] [MainThread]: Acquiring new sqlserver connection 'debug'
[0m11:45:06.035587 [debug] [MainThread]: Using sqlserver connection "debug"
[0m11:45:06.035685 [debug] [MainThread]: On debug: select 1 as id
[0m11:45:06.035782 [debug] [MainThread]: Opening a new connection, currently in state init
[0m11:45:06.035902 [debug] [MainThread]: sqlserver adapter: Using connection string: DRIVER={ODBC Driver 17 for SQL Server};SERVER=desql.database.windows.net,1433;Database=de_etl_db;Pooling=true;SQL_ATTR_TRACE=SQL_OPT_TRACE_OFF;UID={student10};PWD=***;encrypt=Yes;TrustServerCertificate=No;APP=dbt-sqlserver/1.10.0;ConnectRetryCount=3;ConnectRetryInterval=10
[0m11:45:06.905027 [debug] [MainThread]: sqlserver adapter: Connected to db: de_etl_db
[0m11:45:06.959884 [debug] [MainThread]: SQL status: OK in 1.000 seconds
[0m11:45:06.962069 [debug] [MainThread]: On debug: Close
[0m11:45:06.962595 [info ] [MainThread]:   Connection test: [[32mOK connection ok[0m]

[0m11:45:06.963013 [info ] [MainThread]: [31m1 check failed:[0m
[0m11:45:06.963360 [info ] [MainThread]: Project loading failed for the following reason:
 project path </Users/seb_el_famoso/Documents/Brights/Week 7 - ETL/week7_etl_starter/dbt_project.yml> not found

[0m11:45:06.969329 [debug] [MainThread]: Resource report: {"command_name": "debug", "command_success": false, "command_wall_clock_time": 1.1323044, "process_in_blocks": "0", "process_kernel_time": 0.19936, "process_mem_max_rss": "149520384", "process_out_blocks": "0", "process_user_time": 1.051061}
[0m11:45:06.970474 [debug] [MainThread]: Command `dbt debug` failed at 11:45:06.970207 after 1.13 seconds
[0m11:45:06.971085 [debug] [MainThread]: Connection 'debug' was properly closed.
[0m11:45:06.971529 [debug] [MainThread]: Sending event: {'category': 'dbt', 'action': 'invocation', 'label': 'end', 'context': [<snowplow_tracker.self_describing_json.SelfDescribingJson object at 0x10670e5d0>, <snowplow_tracker.self_describing_json.SelfDescribingJson object at 0x10670e300>, <snowplow_tracker.self_describing_json.SelfDescribingJson object at 0x106b862d0>]}
[0m11:45:06.971979 [debug] [MainThread]: Flushing usage events
[0m11:45:07.495788 [debug] [MainThread]: An error was encountered while trying to flush usage events
